<?xml version="1.0" encoding="UTF-8"?>
<!-- Generated by org.testng.reporters.JUnitReportReporter -->
<testsuite hostname="pwcl-QUwOcBzlWD" failures="0" tests="5" name="ParallelTest.TestInvocation" time="24.939" errors="0" timestamp="2022-06-09T11:56:26 IST" skipped="0">
  <testcase classname="ParallelTest.TestInvocation" name="executeTest" time="5.941"/>
  <system-out/>
  <testcase classname="ParallelTest.TestInvocation" name="executeTest" time="4.848"/>
  <system-out/>
  <testcase classname="ParallelTest.TestInvocation" name="executeTest" time="5.129"/>
  <system-out/>
  <testcase classname="ParallelTest.TestInvocation" name="executeTest" time="4.521"/>
  <system-out/>
  <testcase classname="ParallelTest.TestInvocation" name="executeTest" time="4.500"/>
  <system-out/>
</testsuite> <!-- ParallelTest.TestInvocation -->
