<?xml version="1.0" encoding="UTF-8"?>
<!-- Generated by org.testng.reporters.JUnitReportReporter -->
<testsuite hostname="pwcl-QUwOcBzlWD" failures="0" tests="3" name="parameterization.TestParameterization" time="0.010" errors="0" timestamp="2022-06-17T06:09:47 IST" skipped="0">
  <testcase classname="parameterization.TestParameterization" name="doLogin" time="0.001"/>
  <system-out/>
  <testcase classname="parameterization.TestParameterization" name="doLogin" time="0.001"/>
  <system-out/>
  <testcase classname="parameterization.TestParameterization" name="doLogin" time="0.008"/>
  <system-out/>
</testsuite> <!-- parameterization.TestParameterization -->
