<?xml version="1.0" encoding="UTF-8"?>
<!-- Generated by org.testng.reporters.JUnitReportReporter -->
<testsuite hostname="pwcl-QUwOcBzlWD" failures="0" tests="2" name="ParallelTest.TestParallelDP" time="4.048" errors="0" timestamp="2022-06-09T10:46:56 IST" skipped="0">
  <testcase classname="ParallelTest.TestParallelDP" name="doLogin" time="2.011"/>
  <system-out/>
  <testcase classname="ParallelTest.TestParallelDP" name="doLogin" time="2.037"/>
  <system-out/>
</testsuite> <!-- ParallelTest.TestParallelDP -->
