<?xml version="1.0" encoding="UTF-8"?>
<!-- Generated by org.testng.reporters.JUnitReportReporter -->
<testsuite hostname="pwcl-QUwOcBzlWD" failures="0" tests="2" name="testcases.TestCase1" time="0.006" errors="0" timestamp="2022-06-07T22:35:35 IST" skipped="0">
  <testcase classname="testcases.TestCase1" name="doUserReg" time="0.005"/>
  <system-out/>
  <testcase classname="testcases.TestCase1" name="doLogin" time="0.001"/>
  <system-out/>
</testsuite> <!-- testcases.TestCase1 -->
